0 info it worked if it ends with ok
1 verbose cli [ '/Users/oscarlodriguez/.nvm/versions/node/v7.5.0/bin/node',
1 verbose cli   '/Users/oscarlodriguez/.nvm/versions/node/v7.5.0/bin/npm',
1 verbose cli   'run',
1 verbose cli   'demo' ]
2 info using npm@4.1.2
3 info using node@v7.5.0
4 verbose run-script [ 'predemo', 'demo', 'postdemo' ]
5 info lifecycle anagram-checker@1.0.0~predemo: anagram-checker@1.0.0
6 silly lifecycle anagram-checker@1.0.0~predemo: no script for predemo, continuing
7 info lifecycle anagram-checker@1.0.0~demo: anagram-checker@1.0.0
8 verbose lifecycle anagram-checker@1.0.0~demo: unsafe-perm in lifecycle true
9 verbose lifecycle anagram-checker@1.0.0~demo: PATH: /Users/oscarlodriguez/.nvm/versions/node/v7.5.0/lib/node_modules/npm/bin/node-gyp-bin:/Users/oscarlodriguez/Dropbox/projects/anagram-checker/node_modules/.bin:/Users/oscarlodriguez/.nvm/versions/node/v7.5.0/bin:/usr/local/bin:/usr/bin:/bin:/usr/sbin:/sbin:/usr/local/Cellar/maven/3.3.3/libexec/bin:/Library/Frameworks/Firebird.framework/Resources/bin:/usr/local/Cellar/maven/3.3.3/libexec/bin:/Library/Frameworks/Firebird.framework/Resources/bin:/usr/local/go/bin
10 verbose lifecycle anagram-checker@1.0.0~demo: CWD: /Users/oscarlodriguez/Dropbox/projects/anagram-checker
11 silly lifecycle anagram-checker@1.0.0~demo: Args: [ '-c', 'nodemon \'./demo/demo.js' ]
12 silly lifecycle anagram-checker@1.0.0~demo: Returned: code: 2  signal: null
13 info lifecycle anagram-checker@1.0.0~demo: Failed to exec demo script
14 verbose stack Error: anagram-checker@1.0.0 demo: `nodemon './demo/demo.js`
14 verbose stack Exit status 2
14 verbose stack     at EventEmitter.<anonymous> (/Users/oscarlodriguez/.nvm/versions/node/v7.5.0/lib/node_modules/npm/lib/utils/lifecycle.js:279:16)
14 verbose stack     at emitTwo (events.js:106:13)
14 verbose stack     at EventEmitter.emit (events.js:192:7)
14 verbose stack     at ChildProcess.<anonymous> (/Users/oscarlodriguez/.nvm/versions/node/v7.5.0/lib/node_modules/npm/lib/utils/spawn.js:40:14)
14 verbose stack     at emitTwo (events.js:106:13)
14 verbose stack     at ChildProcess.emit (events.js:192:7)
14 verbose stack     at maybeClose (internal/child_process.js:890:16)
14 verbose stack     at Process.ChildProcess._handle.onexit (internal/child_process.js:226:5)
15 verbose pkgid anagram-checker@1.0.0
16 verbose cwd /Users/oscarlodriguez/Dropbox/projects/anagram-checker
17 error Darwin 16.5.0
18 error argv "/Users/oscarlodriguez/.nvm/versions/node/v7.5.0/bin/node" "/Users/oscarlodriguez/.nvm/versions/node/v7.5.0/bin/npm" "run" "demo"
19 error node v7.5.0
20 error npm  v4.1.2
21 error code ELIFECYCLE
22 error anagram-checker@1.0.0 demo: `nodemon './demo/demo.js`
22 error Exit status 2
23 error Failed at the anagram-checker@1.0.0 demo script 'nodemon './demo/demo.js'.
23 error Make sure you have the latest version of node.js and npm installed.
23 error If you do, this is most likely a problem with the anagram-checker package,
23 error not with npm itself.
23 error Tell the author that this fails on your system:
23 error     nodemon './demo/demo.js
23 error You can get information on how to open an issue for this project with:
23 error     npm bugs anagram-checker
23 error Or if that isn't available, you can get their info via:
23 error     npm owner ls anagram-checker
23 error There is likely additional logging output above.
24 verbose exit [ 1, true ]
